# JRE version: Java(TM) SE Runtime Environment (9.0+11) (build 9.0.4+11)
# Java VM: Java HotSpot(TM) 64-Bit Server VM (9.0.4+11, mixed mode, tiered, compressed oops, g1 gc, windows-amd64)
Heap:
 garbage-first heap   total 338944K, used 161196K [0x0000000700000000, 0x0000000700100a58, 0x00000007c0000000)
  region size 1024K, 35 young (35840K), 2 survivors (2048K)
 Metaspace       used 99111K, capacity 101885K, committed 109016K, reserved 1142784K
  class space    used 13368K, capacity 13907K, committed 15360K, reserved 1048576K
GC Heap History (10 events):
Event: 5464.114 GC heap before
{Heap before GC invocations=906 (full 263):
 garbage-first heap   total 338944K, used 188288K [0x0000000700000000, 0x0000000700100a58, 0x00000007c0000000)
  region size 1024K, 60 young (61440K), 1 survivors (1024K)
 Metaspace       used 98573K, capacity 101173K, committed 108504K, reserved 1142784K
  class space    used 13303K, capacity 13827K, committed 15360K, reserved 1048576K
}
Event: 5464.148 GC heap after
{Heap after GC invocations=907 (full 263):
 garbage-first heap   total 338944K, used 127864K [0x0000000700000000, 0x0000000700100a58, 0x00000007c0000000)
  region size 1024K, 1 young (1024K), 1 survivors (1024K)
 Metaspace       used 98573K, capacity 101173K, committed 108504K, reserved 1142784K
  class space    used 13303K, capacity 13827K, committed 15360K, reserved 1048576K
}
Event: 5467.370 GC heap before
{Heap before GC invocations=907 (full 263):
 garbage-first heap   total 338944K, used 188280K [0x0000000700000000, 0x0000000700100a58, 0x00000007c0000000)
  region size 1024K, 60 young (61440K), 1 survivors (1024K)
 Metaspace       used 98573K, capacity 101173K, committed 108504K, reserved 1142784K
  class space    used 13303K, capacity 13827K, committed 15360K, reserved 1048576K
}
Event: 5467.373 GC heap after
{Heap after GC invocations=908 (full 263):
 garbage-first heap   total 338944K, used 127888K [0x0000000700000000, 0x0000000700100a58, 0x00000007c0000000)
  region size 1024K, 1 young (1024K), 1 survivors (1024K)
 Metaspace       used 98573K, capacity 101173K, committed 108504K, reserved 1142784K
  class space    used 13303K, capacity 13827K, committed 15360K, reserved 1048576K
}
Event: 5483.747 GC heap before
{Heap before GC invocations=908 (full 263):
 garbage-first heap   total 338944K, used 188304K [0x0000000700000000, 0x0000000700100a58, 0x00000007c0000000)
  region size 1024K, 60 young (61440K), 1 survivors (1024K)
 Metaspace       used 98933K, capacity 101681K, committed 108760K, reserved 1142784K
  class space    used 13352K, capacity 13905K, committed 15360K, reserved 1048576K
}
Event: 5483.759 GC heap after
{Heap after GC invocations=909 (full 263):
 garbage-first heap   total 338944K, used 127994K [0x0000000700000000, 0x0000000700100a58, 0x00000007c0000000)
  region size 1024K, 1 young (1024K), 1 survivors (1024K)
 Metaspace       used 98933K, capacity 101681K, committed 108760K, reserved 1142784K
  class space    used 13352K, capacity 13905K, committed 15360K, reserved 1048576K
}
Event: 5501.911 GC heap before
{Heap before GC invocations=909 (full 263):
 garbage-first heap   total 338944K, used 188410K [0x0000000700000000, 0x0000000700100a58, 0x00000007c0000000)
  region size 1024K, 60 young (61440K), 1 survivors (1024K)
 Metaspace       used 99107K, capacity 101885K, committed 109016K, reserved 1142784K
  class space    used 13368K, capacity 13907K, committed 15360K, reserved 1048576K
}
Event: 5501.960 GC heap after
{Heap after GC invocations=910 (full 263):
 garbage-first heap   total 338944K, used 128759K [0x0000000700000000, 0x0000000700100a58, 0x00000007c0000000)
  region size 1024K, 2 young (2048K), 2 survivors (2048K)
 Metaspace       used 99107K, capacity 101885K, committed 109016K, reserved 1142784K
  class space    used 13368K, capacity 13907K, committed 15360K, reserved 1048576K
}
Event: 5502.217 GC heap before
{Heap before GC invocations=910 (full 263):
 garbage-first heap   total 338944K, used 188151K [0x0000000700000000, 0x0000000700100a58, 0x00000007c0000000)
  region size 1024K, 60 young (61440K), 2 survivors (2048K)
 Metaspace       used 99107K, capacity 101885K, committed 109016K, reserved 1142784K
  class space    used 13368K, capacity 13907K, committed 15360K, reserved 1048576K
}
Event: 5502.237 GC heap after
{Heap after GC invocations=911 (full 263):
 garbage-first heap   total 338944K, used 128428K [0x0000000700000000, 0x0000000700100a58, 0x00000007c0000000)
  region size 1024K, 2 young (2048K), 2 survivors (2048K)
 Metaspace       used 99107K, capacity 101885K, committed 109016K, reserved 1142784K
  class space    used 13368K, capacity 13907K, committed 15360K, reserved 1048576K
}

